<?xml version="1.0" encoding="UTF-8"?>
<testng-results skipped="0" failed="1" total="2" passed="1">
  <reporter-output>
    <line>
      <![CDATA[Login failed. User is not landed on [Your Applications] page##@##@####@##@####@##@####@##@##33 Sec##@##@##43##@##@##1]]>
    </line>
  </reporter-output>
  <suite name="MaaS_Regression" duration-ms="0" started-at="2015-01-11T22:47:43Z" finished-at="2015-01-11T22:47:43Z">
    <groups>
    </groups>
  </suite> <!-- MaaS_Regression -->
  <suite name="MaaS_Regression_Suite" duration-ms="36687" started-at="2015-01-11T22:47:06Z" finished-at="2015-01-11T22:47:43Z">
    <groups>
    </groups>
    <test name="MaaS_Regression_Test" duration-ms="36687" started-at="2015-01-11T22:47:06Z" finished-at="2015-01-11T22:47:43Z">
      <class name="com.phunware.test.Login">
        <test-method status="PASS" signature="FrameworkEntryPoint()[pri:0, instance:com.phunware.test.Login@49e4cb85]" name="FrameworkEntryPoint" is-config="true" duration-ms="516" started-at="2015-01-11T16:47:06Z" finished-at="2015-01-11T16:47:06Z">
          <reporter-output>
          </reporter-output>
        </test-method> <!-- FrameworkEntryPoint -->
        <test-method status="PASS" signature="setUp()[pri:0, instance:com.phunware.test.Login@49e4cb85]" name="setUp" is-config="true" duration-ms="10520" started-at="2015-01-11T16:47:06Z" finished-at="2015-01-11T16:47:17Z">
          <reporter-output>
          </reporter-output>
        </test-method> <!-- setUp -->
        <test-method status="PASS" signature="verifyLoginForInvalidUser()[pri:0, instance:com.phunware.test.Login@49e4cb85]" name="verifyLoginForInvalidUser" duration-ms="6317" started-at="2015-01-11T16:47:17Z" finished-at="2015-01-11T16:47:23Z">
          <reporter-output>
          </reporter-output>
        </test-method> <!-- verifyLoginForInvalidUser -->
        <test-method status="FAIL" signature="verifyLoginForValidUser()[pri:0, instance:com.phunware.test.Login@49e4cb85]" name="verifyLoginForValidUser" duration-ms="16594" started-at="2015-01-11T16:47:23Z" finished-at="2015-01-11T16:47:40Z">
          <exception class="java.lang.AssertionError">
            <message>
              <![CDATA[The following asserts failed:
Login failed. User is not landed on [Your Applications] page]]>
            </message>
            <full-stacktrace>
              <![CDATA[java.lang.AssertionError: The following asserts failed:
Login failed. User is not landed on [Your Applications] page
	at com.phunware.util.SoftAssert.assertAll(SoftAssert.java:33)
	at com.phunware.test.Login.verifyLoginForValidUser(Login.java:444)
	at sun.reflect.NativeMethodAccessorImpl.invoke0(Native Method)
	at sun.reflect.NativeMethodAccessorImpl.invoke(NativeMethodAccessorImpl.java:62)
	at sun.reflect.DelegatingMethodAccessorImpl.invoke(DelegatingMethodAccessorImpl.java:43)
	at java.lang.reflect.Method.invoke(Method.java:483)
	at org.testng.internal.MethodInvocationHelper.invokeMethod(MethodInvocationHelper.java:84)
	at org.testng.internal.Invoker.invokeMethod(Invoker.java:714)
	at org.testng.internal.Invoker.invokeTestMethod(Invoker.java:901)
	at org.testng.internal.Invoker.invokeTestMethods(Invoker.java:1231)
	at org.testng.internal.TestMethodWorker.invokeTestMethods(TestMethodWorker.java:127)
	at org.testng.internal.TestMethodWorker.run(TestMethodWorker.java:111)
	at org.testng.TestRunner.privateRun(TestRunner.java:767)
	at org.testng.TestRunner.run(TestRunner.java:617)
	at org.testng.SuiteRunner.runTest(SuiteRunner.java:334)
	at org.testng.SuiteRunner.runSequentially(SuiteRunner.java:329)
	at org.testng.SuiteRunner.privateRun(SuiteRunner.java:291)
	at org.testng.SuiteRunner.run(SuiteRunner.java:240)
	at org.testng.SuiteRunnerWorker.runSuite(SuiteRunnerWorker.java:52)
	at org.testng.SuiteRunnerWorker.run(SuiteRunnerWorker.java:86)
	at org.testng.TestNG.runSuitesSequentially(TestNG.java:1224)
	at org.testng.TestNG.runSuitesSequentially(TestNG.java:1220)
	at org.testng.TestNG.runSuitesLocally(TestNG.java:1149)
	at org.testng.TestNG.run(TestNG.java:1057)
	at org.testng.TestNG.privateMain(TestNG.java:1364)
	at org.testng.TestNG.main(TestNG.java:1333)
]]>
            </full-stacktrace>
          </exception> <!-- java.lang.AssertionError -->
          <reporter-output>
            <line>
              <![CDATA[Login failed. User is not landed on [Your Applications] page##@##@####@##@####@##@####@##@##33 Sec##@##@##43##@##@##1]]>
            </line>
          </reporter-output>
        </test-method> <!-- verifyLoginForValidUser -->
        <test-method status="PASS" signature="tearDown()[pri:0, instance:com.phunware.test.Login@49e4cb85]" name="tearDown" is-config="true" duration-ms="3244" started-at="2015-01-11T16:47:40Z" finished-at="2015-01-11T16:47:43Z">
          <reporter-output>
          </reporter-output>
        </test-method> <!-- tearDown -->
      </class> <!-- com.phunware.test.Login -->
    </test> <!-- MaaS_Regression_Test -->
  </suite> <!-- MaaS_Regression_Suite -->
</testng-results>
